mode: set
bitbucket.org/pbisse/eventserver/application/specifications/search/spec_list.go:5.49,7.2 1 0
bitbucket.org/pbisse/eventserver/application/specifications/search/spec_retriever.go:14.63,16.2 1 0
bitbucket.org/pbisse/eventserver/application/specifications/search/spec_retriever.go:18.82,19.41 1 0
bitbucket.org/pbisse/eventserver/application/specifications/search/spec_retriever.go:25.2,25.30 1 0
bitbucket.org/pbisse/eventserver/application/specifications/search/spec_retriever.go:19.41,20.33 1 0
bitbucket.org/pbisse/eventserver/application/specifications/search/spec_retriever.go:20.33,22.4 1 0
bitbucket.org/pbisse/eventserver/application/specifications/search/last_week_spec.go:9.60,11.2 1 0
bitbucket.org/pbisse/eventserver/application/specifications/search/last_week_spec.go:13.47,15.2 1 0
bitbucket.org/pbisse/eventserver/api/api_handlers.go:16.76,23.2 3 0
bitbucket.org/pbisse/eventserver/api/api_handlers.go:25.82,28.63 2 0
bitbucket.org/pbisse/eventserver/api/api_handlers.go:33.2,39.16 5 0
bitbucket.org/pbisse/eventserver/api/api_handlers.go:44.2,44.49 1 0
bitbucket.org/pbisse/eventserver/api/api_handlers.go:49.2,56.16 6 0
bitbucket.org/pbisse/eventserver/api/api_handlers.go:61.2,61.50 1 0
bitbucket.org/pbisse/eventserver/api/api_handlers.go:28.63,31.3 2 0
bitbucket.org/pbisse/eventserver/api/api_handlers.go:39.16,42.3 2 0
bitbucket.org/pbisse/eventserver/api/api_handlers.go:44.49,47.3 2 0
bitbucket.org/pbisse/eventserver/api/api_handlers.go:56.16,59.3 2 0
bitbucket.org/pbisse/eventserver/api/api_handlers.go:64.92,67.16 2 0
bitbucket.org/pbisse/eventserver/api/api_handlers.go:72.2,72.73 1 0
bitbucket.org/pbisse/eventserver/api/api_handlers.go:77.2,84.45 6 0
bitbucket.org/pbisse/eventserver/api/api_handlers.go:67.16,70.3 2 0
bitbucket.org/pbisse/eventserver/api/api_handlers.go:72.73,75.3 2 0
bitbucket.org/pbisse/eventserver/api/api_handlers.go:87.83,90.16 2 0
bitbucket.org/pbisse/eventserver/api/api_handlers.go:95.2,95.64 1 0
bitbucket.org/pbisse/eventserver/api/api_handlers.go:100.2,110.35 4 0
bitbucket.org/pbisse/eventserver/api/api_handlers.go:115.2,115.16 1 0
bitbucket.org/pbisse/eventserver/api/api_handlers.go:120.2,120.45 1 0
bitbucket.org/pbisse/eventserver/api/api_handlers.go:90.16,93.3 2 0
bitbucket.org/pbisse/eventserver/api/api_handlers.go:95.64,98.3 2 0
bitbucket.org/pbisse/eventserver/api/api_handlers.go:110.35,113.3 2 0
bitbucket.org/pbisse/eventserver/api/api_handlers.go:115.16,118.3 2 0
bitbucket.org/pbisse/eventserver/api/api_handlers.go:123.92,127.35 3 0
bitbucket.org/pbisse/eventserver/api/api_handlers.go:132.2,132.16 1 0
bitbucket.org/pbisse/eventserver/api/api_handlers.go:137.2,137.40 1 0
bitbucket.org/pbisse/eventserver/api/api_handlers.go:127.35,130.3 2 0
bitbucket.org/pbisse/eventserver/api/api_handlers.go:132.16,135.3 2 0
bitbucket.org/pbisse/eventserver/api/api_handlers.go:140.87,144.35 3 0
bitbucket.org/pbisse/eventserver/api/api_handlers.go:149.2,149.16 1 0
bitbucket.org/pbisse/eventserver/api/api_handlers.go:154.2,154.40 1 0
bitbucket.org/pbisse/eventserver/api/api_handlers.go:144.35,147.3 2 0
bitbucket.org/pbisse/eventserver/api/api_handlers.go:149.16,152.3 2 0
bitbucket.org/pbisse/eventserver/api/api_handlers.go:157.98,161.35 3 0
bitbucket.org/pbisse/eventserver/api/api_handlers.go:166.2,166.16 1 0
bitbucket.org/pbisse/eventserver/api/api_handlers.go:171.2,171.40 1 0
bitbucket.org/pbisse/eventserver/api/api_handlers.go:161.35,164.3 2 0
bitbucket.org/pbisse/eventserver/api/api_handlers.go:166.16,169.3 2 0
bitbucket.org/pbisse/eventserver/api/api_handlers.go:174.76,177.61 2 0
bitbucket.org/pbisse/eventserver/api/api_handlers.go:182.2,187.35 4 0
bitbucket.org/pbisse/eventserver/api/api_handlers.go:192.2,192.16 1 0
bitbucket.org/pbisse/eventserver/api/api_handlers.go:197.2,197.37 1 0
bitbucket.org/pbisse/eventserver/api/api_handlers.go:177.61,180.3 2 0
bitbucket.org/pbisse/eventserver/api/api_handlers.go:187.35,190.3 2 0
bitbucket.org/pbisse/eventserver/api/api_handlers.go:192.16,195.3 2 0
bitbucket.org/pbisse/eventserver/api/api_handlers.go:200.88,203.60 2 0
bitbucket.org/pbisse/eventserver/api/api_handlers.go:208.2,212.35 4 0
bitbucket.org/pbisse/eventserver/api/api_handlers.go:217.2,217.16 1 0
bitbucket.org/pbisse/eventserver/api/api_handlers.go:222.2,222.45 1 0
bitbucket.org/pbisse/eventserver/api/api_handlers.go:203.60,206.3 2 0
bitbucket.org/pbisse/eventserver/api/api_handlers.go:212.35,215.3 2 0
bitbucket.org/pbisse/eventserver/api/api_handlers.go:217.16,220.3 2 0
bitbucket.org/pbisse/eventserver/api/api_handlers.go:225.87,230.16 4 0
bitbucket.org/pbisse/eventserver/api/api_handlers.go:235.2,240.35 5 0
bitbucket.org/pbisse/eventserver/api/api_handlers.go:245.2,245.16 1 0
bitbucket.org/pbisse/eventserver/api/api_handlers.go:250.2,250.45 1 0
bitbucket.org/pbisse/eventserver/api/api_handlers.go:230.16,233.3 2 0
bitbucket.org/pbisse/eventserver/api/api_handlers.go:240.35,243.3 2 0
bitbucket.org/pbisse/eventserver/api/api_handlers.go:245.16,248.3 2 0
bitbucket.org/pbisse/eventserver/application/types/event.go:38.46,40.2 1 0
bitbucket.org/pbisse/eventserver/application/types/event.go:42.47,44.9 2 0
bitbucket.org/pbisse/eventserver/application/types/event.go:48.2,48.30 1 0
bitbucket.org/pbisse/eventserver/application/types/event.go:44.9,46.3 1 0
bitbucket.org/pbisse/eventserver/application/types/event.go:51.33,54.16 3 0
bitbucket.org/pbisse/eventserver/application/types/event.go:58.2,58.25 1 0
bitbucket.org/pbisse/eventserver/application/types/event.go:54.16,56.3 1 0
bitbucket.org/pbisse/eventserver/application/specifications/search/last_two_days_spec.go:9.62,11.2 1 0
bitbucket.org/pbisse/eventserver/application/specifications/search/last_two_days_spec.go:13.49,15.2 1 0
bitbucket.org/pbisse/eventserver/api/app.go:28.80,35.16 5 0
bitbucket.org/pbisse/eventserver/api/app.go:39.2,40.16 2 0
bitbucket.org/pbisse/eventserver/api/app.go:44.2,47.22 3 0
bitbucket.org/pbisse/eventserver/api/app.go:35.16,37.3 1 0
bitbucket.org/pbisse/eventserver/api/app.go:40.16,42.3 1 0
bitbucket.org/pbisse/eventserver/api/app.go:50.32,53.2 2 0
bitbucket.org/pbisse/eventserver/api/app.go:55.34,97.2 11 0
bitbucket.org/pbisse/eventserver/api/app.go:99.85,102.2 2 0
bitbucket.org/pbisse/eventserver/api/app.go:104.73,108.2 3 0
bitbucket.org/pbisse/eventserver/api/app.go:110.81,114.2 2 0
bitbucket.org/pbisse/eventserver/api/input/search_term_request.go:11.72,15.2 2 0
bitbucket.org/pbisse/eventserver/application/specifications/search/last_two_weeks_spec.go:9.63,11.2 1 0
bitbucket.org/pbisse/eventserver/application/specifications/search/last_two_weeks_spec.go:13.50,15.2 1 0
bitbucket.org/pbisse/eventserver/application/types/consumer_offset.go:7.52,11.2 2 1
bitbucket.org/pbisse/eventserver/application/specifications/search/last_month_spec.go:9.60,11.2 1 0
bitbucket.org/pbisse/eventserver/application/specifications/search/last_month_spec.go:13.47,15.2 1 0
bitbucket.org/pbisse/eventserver/api/input/receive_event_request.go:13.78,20.2 2 0
bitbucket.org/pbisse/eventserver/application/repositories/postgres_read_event_store.go:16.75,18.2 1 0
bitbucket.org/pbisse/eventserver/application/repositories/postgres_read_event_store.go:20.98,23.16 2 0
bitbucket.org/pbisse/eventserver/application/repositories/postgres_read_event_store.go:27.2,37.16 2 0
bitbucket.org/pbisse/eventserver/application/repositories/postgres_read_event_store.go:41.2,45.18 3 0
bitbucket.org/pbisse/eventserver/application/repositories/postgres_read_event_store.go:56.2,56.20 1 0
bitbucket.org/pbisse/eventserver/application/repositories/postgres_read_event_store.go:23.16,25.3 1 0
bitbucket.org/pbisse/eventserver/application/repositories/postgres_read_event_store.go:37.16,39.3 1 0
bitbucket.org/pbisse/eventserver/application/repositories/postgres_read_event_store.go:45.18,48.53 3 0
bitbucket.org/pbisse/eventserver/application/repositories/postgres_read_event_store.go:52.3,53.33 2 0
bitbucket.org/pbisse/eventserver/application/repositories/postgres_read_event_store.go:48.53,50.4 1 0
bitbucket.org/pbisse/eventserver/application/repositories/postgres_read_event_store.go:62.59,74.57 3 0
bitbucket.org/pbisse/eventserver/application/repositories/postgres_read_event_store.go:78.2,78.28 1 0
bitbucket.org/pbisse/eventserver/application/repositories/postgres_read_event_store.go:74.57,76.3 1 0
bitbucket.org/pbisse/eventserver/application/repositories/postgres_read_event_store.go:81.110,95.16 2 0
bitbucket.org/pbisse/eventserver/application/repositories/postgres_read_event_store.go:99.2,103.18 3 0
bitbucket.org/pbisse/eventserver/application/repositories/postgres_read_event_store.go:115.2,115.23 1 0
bitbucket.org/pbisse/eventserver/application/repositories/postgres_read_event_store.go:95.16,97.3 1 0
bitbucket.org/pbisse/eventserver/application/repositories/postgres_read_event_store.go:103.18,107.142 4 0
bitbucket.org/pbisse/eventserver/application/repositories/postgres_read_event_store.go:110.3,112.42 3 0
bitbucket.org/pbisse/eventserver/application/repositories/postgres_read_event_store.go:107.142,109.4 1 0
bitbucket.org/pbisse/eventserver/application/repositories/postgres_read_event_store.go:118.140,134.16 3 0
bitbucket.org/pbisse/eventserver/application/repositories/postgres_read_event_store.go:138.2,142.18 3 0
bitbucket.org/pbisse/eventserver/application/repositories/postgres_read_event_store.go:155.2,155.31 1 0
bitbucket.org/pbisse/eventserver/application/repositories/postgres_read_event_store.go:134.16,136.3 1 0
bitbucket.org/pbisse/eventserver/application/repositories/postgres_read_event_store.go:142.18,147.120 4 0
bitbucket.org/pbisse/eventserver/application/repositories/postgres_read_event_store.go:150.3,152.66 3 0
bitbucket.org/pbisse/eventserver/application/repositories/postgres_read_event_store.go:147.120,149.4 1 0
bitbucket.org/pbisse/eventserver/api/auth.go:5.85,6.54 1 0
bitbucket.org/pbisse/eventserver/api/auth.go:6.54,7.36 1 0
bitbucket.org/pbisse/eventserver/api/auth.go:12.3,14.41 3 0
bitbucket.org/pbisse/eventserver/api/auth.go:7.36,10.4 2 0
bitbucket.org/pbisse/eventserver/api/auth.go:18.62,20.9 2 0
bitbucket.org/pbisse/eventserver/api/auth.go:23.2,23.31 1 0
bitbucket.org/pbisse/eventserver/api/auth.go:20.9,22.3 1 0
bitbucket.org/pbisse/eventserver/api/input/receive_acknowledgement_request.go:15.93,19.16 3 0
bitbucket.org/pbisse/eventserver/api/input/receive_acknowledgement_request.go:23.2,25.16 2 0
bitbucket.org/pbisse/eventserver/api/input/receive_acknowledgement_request.go:29.2,33.8 1 0
bitbucket.org/pbisse/eventserver/api/input/receive_acknowledgement_request.go:19.16,21.3 1 0
bitbucket.org/pbisse/eventserver/api/input/receive_acknowledgement_request.go:25.16,27.3 1 0
bitbucket.org/pbisse/eventserver/application/repositories/postgres_chart_strore.go:9.67,11.2 1 0
bitbucket.org/pbisse/eventserver/application/repositories/postgres_chart_strore.go:13.64,17.2 2 0
bitbucket.org/pbisse/eventserver/application/repositories/postgres_chart_strore.go:19.64,23.2 2 0
bitbucket.org/pbisse/eventserver/application/repositories/postgres_chart_strore.go:25.70,29.2 2 0
bitbucket.org/pbisse/eventserver/application/repositories/postgres_chart_strore.go:31.76,34.46 2 0
bitbucket.org/pbisse/eventserver/application/repositories/postgres_chart_strore.go:38.2,38.26 1 0
bitbucket.org/pbisse/eventserver/application/repositories/postgres_chart_strore.go:34.46,36.3 1 0
bitbucket.org/pbisse/eventserver/application/specifications/search/last_six_hours_spec.go:9.63,11.2 1 0
bitbucket.org/pbisse/eventserver/application/specifications/search/last_six_hours_spec.go:13.50,15.2 1 0
bitbucket.org/pbisse/eventserver/application/repositories/postgres_write_event_store.go:15.77,17.2 1 0
bitbucket.org/pbisse/eventserver/application/repositories/postgres_write_event_store.go:19.147,25.34 4 0
bitbucket.org/pbisse/eventserver/application/repositories/postgres_write_event_store.go:30.2,30.47 1 0
bitbucket.org/pbisse/eventserver/application/repositories/postgres_write_event_store.go:35.2,40.16 3 0
bitbucket.org/pbisse/eventserver/application/repositories/postgres_write_event_store.go:44.2,46.44 2 0
bitbucket.org/pbisse/eventserver/application/repositories/postgres_write_event_store.go:25.34,28.3 2 0
bitbucket.org/pbisse/eventserver/application/repositories/postgres_write_event_store.go:30.47,33.3 2 0
bitbucket.org/pbisse/eventserver/application/repositories/postgres_write_event_store.go:40.16,42.3 1 0
bitbucket.org/pbisse/eventserver/application/repositories/postgres_write_event_store.go:49.108,56.51 3 0
bitbucket.org/pbisse/eventserver/application/repositories/postgres_write_event_store.go:60.2,60.19 1 0
bitbucket.org/pbisse/eventserver/application/repositories/postgres_write_event_store.go:56.51,58.3 1 0
bitbucket.org/pbisse/eventserver/application/repositories/postgres_write_event_store.go:63.120,67.2 1 0
bitbucket.org/pbisse/eventserver/application/repositories/postgres_write_event_store.go:69.140,72.16 2 0
bitbucket.org/pbisse/eventserver/application/repositories/postgres_write_event_store.go:76.2,78.50 2 0
bitbucket.org/pbisse/eventserver/application/repositories/postgres_write_event_store.go:82.2,84.43 2 0
bitbucket.org/pbisse/eventserver/application/repositories/postgres_write_event_store.go:89.2,95.16 3 0
bitbucket.org/pbisse/eventserver/application/repositories/postgres_write_event_store.go:99.2,99.117 1 0
bitbucket.org/pbisse/eventserver/application/repositories/postgres_write_event_store.go:72.16,74.3 1 0
bitbucket.org/pbisse/eventserver/application/repositories/postgres_write_event_store.go:78.50,80.3 1 0
bitbucket.org/pbisse/eventserver/application/repositories/postgres_write_event_store.go:84.43,87.3 2 0
bitbucket.org/pbisse/eventserver/application/repositories/postgres_write_event_store.go:95.16,97.3 1 0
bitbucket.org/pbisse/eventserver/application/repositories/postgres_write_event_store.go:102.152,110.69 4 0
bitbucket.org/pbisse/eventserver/application/repositories/postgres_write_event_store.go:116.2,116.33 1 0
bitbucket.org/pbisse/eventserver/application/repositories/postgres_write_event_store.go:110.69,114.3 2 0
bitbucket.org/pbisse/eventserver/application/repositories/postgres_write_event_store.go:122.59,129.57 3 0
bitbucket.org/pbisse/eventserver/application/repositories/postgres_write_event_store.go:133.2,133.28 1 0
bitbucket.org/pbisse/eventserver/application/repositories/postgres_write_event_store.go:129.57,131.3 1 0
bitbucket.org/pbisse/eventserver/api/logging.go:9.63,11.2 1 0
bitbucket.org/pbisse/eventserver/main.go:17.13,21.2 3 0
bitbucket.org/pbisse/eventserver/application/specifications/search/last_day_spec.go:9.58,11.2 1 0
bitbucket.org/pbisse/eventserver/application/specifications/search/last_day_spec.go:13.45,15.2 1 0
bitbucket.org/pbisse/eventserver/api/input/receive_events_request.go:17.75,21.16 3 0
bitbucket.org/pbisse/eventserver/api/input/receive_events_request.go:25.2,28.16 3 0
bitbucket.org/pbisse/eventserver/api/input/receive_events_request.go:32.2,37.8 1 0
bitbucket.org/pbisse/eventserver/api/input/receive_events_request.go:21.16,23.3 1 0
bitbucket.org/pbisse/eventserver/api/input/receive_events_request.go:28.16,30.3 1 0
bitbucket.org/pbisse/eventserver/application/repositories/postgres_search_store.go:12.69,14.2 1 0
bitbucket.org/pbisse/eventserver/application/repositories/postgres_search_store.go:16.82,22.48 3 0
bitbucket.org/pbisse/eventserver/application/repositories/postgres_search_store.go:26.2,26.26 1 0
bitbucket.org/pbisse/eventserver/application/repositories/postgres_search_store.go:22.48,24.3 1 0
bitbucket.org/pbisse/eventserver/api/content_type.go:11.68,12.54 1 0
bitbucket.org/pbisse/eventserver/api/content_type.go:12.54,15.17 2 0
bitbucket.org/pbisse/eventserver/api/content_type.go:22.3,23.9 2 0
bitbucket.org/pbisse/eventserver/api/content_type.go:15.17,20.4 4 0
bitbucket.org/pbisse/eventserver/api/content_type.go:27.42,31.38 3 0
bitbucket.org/pbisse/eventserver/api/content_type.go:35.2,36.33 2 0
bitbucket.org/pbisse/eventserver/api/content_type.go:40.2,40.12 1 0
bitbucket.org/pbisse/eventserver/api/content_type.go:31.38,33.3 1 0
bitbucket.org/pbisse/eventserver/api/content_type.go:36.33,38.3 1 0
bitbucket.org/pbisse/eventserver/api/input/consumers_for_stream_request.go:12.84,18.2 2 0
bitbucket.org/pbisse/eventserver/application/specifications/search/last_two_weeks_spec.go:9.63,11.2 1 0
bitbucket.org/pbisse/eventserver/application/specifications/search/last_two_weeks_spec.go:13.50,15.2 1 0
bitbucket.org/pbisse/eventserver/application/specifications/search/spec_list.go:5.49,7.2 1 0
bitbucket.org/pbisse/eventserver/api/content_type.go:11.68,12.54 1 0
bitbucket.org/pbisse/eventserver/api/content_type.go:12.54,15.17 2 0
bitbucket.org/pbisse/eventserver/api/content_type.go:22.3,23.9 2 0
bitbucket.org/pbisse/eventserver/api/content_type.go:15.17,20.4 4 0
bitbucket.org/pbisse/eventserver/api/content_type.go:27.42,31.38 3 0
bitbucket.org/pbisse/eventserver/api/content_type.go:35.2,36.33 2 0
bitbucket.org/pbisse/eventserver/api/content_type.go:40.2,40.12 1 0
bitbucket.org/pbisse/eventserver/api/content_type.go:31.38,33.3 1 0
bitbucket.org/pbisse/eventserver/api/content_type.go:36.33,38.3 1 0
bitbucket.org/pbisse/eventserver/application/specifications/search/last_six_hours_spec.go:9.63,11.2 1 0
bitbucket.org/pbisse/eventserver/application/specifications/search/last_six_hours_spec.go:13.50,15.2 1 0
bitbucket.org/pbisse/eventserver/application/repositories/postgres_chart_strore.go:9.67,11.2 1 0
bitbucket.org/pbisse/eventserver/application/repositories/postgres_chart_strore.go:13.64,17.2 2 0
bitbucket.org/pbisse/eventserver/application/repositories/postgres_chart_strore.go:19.64,23.2 2 0
bitbucket.org/pbisse/eventserver/application/repositories/postgres_chart_strore.go:25.70,29.2 2 0
bitbucket.org/pbisse/eventserver/application/repositories/postgres_chart_strore.go:31.76,34.46 2 0
bitbucket.org/pbisse/eventserver/application/repositories/postgres_chart_strore.go:38.2,38.26 1 0
bitbucket.org/pbisse/eventserver/application/repositories/postgres_chart_strore.go:34.46,36.3 1 0
bitbucket.org/pbisse/eventserver/application/repositories/postgres_write_event_store.go:15.77,17.2 1 0
bitbucket.org/pbisse/eventserver/application/repositories/postgres_write_event_store.go:19.147,25.34 4 0
bitbucket.org/pbisse/eventserver/application/repositories/postgres_write_event_store.go:30.2,30.47 1 0
bitbucket.org/pbisse/eventserver/application/repositories/postgres_write_event_store.go:35.2,40.16 3 0
bitbucket.org/pbisse/eventserver/application/repositories/postgres_write_event_store.go:44.2,46.44 2 0
bitbucket.org/pbisse/eventserver/application/repositories/postgres_write_event_store.go:25.34,28.3 2 0
bitbucket.org/pbisse/eventserver/application/repositories/postgres_write_event_store.go:30.47,33.3 2 0
bitbucket.org/pbisse/eventserver/application/repositories/postgres_write_event_store.go:40.16,42.3 1 0
bitbucket.org/pbisse/eventserver/application/repositories/postgres_write_event_store.go:49.108,56.51 3 0
bitbucket.org/pbisse/eventserver/application/repositories/postgres_write_event_store.go:60.2,60.19 1 0
bitbucket.org/pbisse/eventserver/application/repositories/postgres_write_event_store.go:56.51,58.3 1 0
bitbucket.org/pbisse/eventserver/application/repositories/postgres_write_event_store.go:63.120,67.2 1 0
bitbucket.org/pbisse/eventserver/application/repositories/postgres_write_event_store.go:69.140,72.16 2 0
bitbucket.org/pbisse/eventserver/application/repositories/postgres_write_event_store.go:76.2,78.50 2 0
bitbucket.org/pbisse/eventserver/application/repositories/postgres_write_event_store.go:82.2,84.43 2 0
bitbucket.org/pbisse/eventserver/application/repositories/postgres_write_event_store.go:89.2,95.16 3 0
bitbucket.org/pbisse/eventserver/application/repositories/postgres_write_event_store.go:99.2,99.117 1 0
bitbucket.org/pbisse/eventserver/application/repositories/postgres_write_event_store.go:72.16,74.3 1 0
bitbucket.org/pbisse/eventserver/application/repositories/postgres_write_event_store.go:78.50,80.3 1 0
bitbucket.org/pbisse/eventserver/application/repositories/postgres_write_event_store.go:84.43,87.3 2 0
bitbucket.org/pbisse/eventserver/application/repositories/postgres_write_event_store.go:95.16,97.3 1 0
bitbucket.org/pbisse/eventserver/application/repositories/postgres_write_event_store.go:102.152,110.69 4 0
bitbucket.org/pbisse/eventserver/application/repositories/postgres_write_event_store.go:116.2,116.33 1 0
bitbucket.org/pbisse/eventserver/application/repositories/postgres_write_event_store.go:110.69,114.3 2 0
bitbucket.org/pbisse/eventserver/application/repositories/postgres_write_event_store.go:122.59,129.57 3 0
bitbucket.org/pbisse/eventserver/application/repositories/postgres_write_event_store.go:133.2,133.28 1 0
bitbucket.org/pbisse/eventserver/application/repositories/postgres_write_event_store.go:129.57,131.3 1 0
bitbucket.org/pbisse/eventserver/application/specifications/search/last_two_days_spec.go:9.62,11.2 1 0
bitbucket.org/pbisse/eventserver/application/specifications/search/last_two_days_spec.go:13.49,15.2 1 0
bitbucket.org/pbisse/eventserver/application/specifications/search/last_week_spec.go:9.60,11.2 1 0
bitbucket.org/pbisse/eventserver/application/specifications/search/last_week_spec.go:13.47,15.2 1 0
bitbucket.org/pbisse/eventserver/application/types/consumer_offset.go:7.52,11.2 2 0
bitbucket.org/pbisse/eventserver/application/types/event.go:38.46,40.2 1 0
bitbucket.org/pbisse/eventserver/application/types/event.go:42.47,44.9 2 0
bitbucket.org/pbisse/eventserver/application/types/event.go:48.2,48.30 1 0
bitbucket.org/pbisse/eventserver/application/types/event.go:44.9,46.3 1 0
bitbucket.org/pbisse/eventserver/application/types/event.go:51.33,54.16 3 0
bitbucket.org/pbisse/eventserver/application/types/event.go:58.2,58.25 1 0
bitbucket.org/pbisse/eventserver/application/types/event.go:54.16,56.3 1 0
bitbucket.org/pbisse/eventserver/application/specifications/search/last_month_spec.go:9.60,11.2 1 0
bitbucket.org/pbisse/eventserver/application/specifications/search/last_month_spec.go:13.47,15.2 1 0
bitbucket.org/pbisse/eventserver/api/app.go:28.80,35.16 5 0
bitbucket.org/pbisse/eventserver/api/app.go:39.2,40.16 2 0
bitbucket.org/pbisse/eventserver/api/app.go:44.2,47.22 3 0
bitbucket.org/pbisse/eventserver/api/app.go:35.16,37.3 1 0
bitbucket.org/pbisse/eventserver/api/app.go:40.16,42.3 1 0
bitbucket.org/pbisse/eventserver/api/app.go:50.32,53.2 2 0
bitbucket.org/pbisse/eventserver/api/app.go:55.34,97.2 11 0
bitbucket.org/pbisse/eventserver/api/app.go:99.85,102.2 2 0
bitbucket.org/pbisse/eventserver/api/app.go:104.73,108.2 3 0
bitbucket.org/pbisse/eventserver/api/app.go:110.81,114.2 2 0
bitbucket.org/pbisse/eventserver/api/logging.go:9.63,11.2 1 0
bitbucket.org/pbisse/eventserver/api/input/receive_event_request.go:13.78,20.2 2 0
bitbucket.org/pbisse/eventserver/application/specifications/search/last_day_spec.go:9.58,11.2 1 0
bitbucket.org/pbisse/eventserver/application/specifications/search/last_day_spec.go:13.45,15.2 1 0
bitbucket.org/pbisse/eventserver/application/repositories/postgres_read_event_store.go:16.75,18.2 1 0
bitbucket.org/pbisse/eventserver/application/repositories/postgres_read_event_store.go:20.98,23.16 2 0
bitbucket.org/pbisse/eventserver/application/repositories/postgres_read_event_store.go:27.2,37.16 2 0
bitbucket.org/pbisse/eventserver/application/repositories/postgres_read_event_store.go:41.2,45.18 3 0
bitbucket.org/pbisse/eventserver/application/repositories/postgres_read_event_store.go:56.2,56.20 1 0
bitbucket.org/pbisse/eventserver/application/repositories/postgres_read_event_store.go:23.16,25.3 1 0
bitbucket.org/pbisse/eventserver/application/repositories/postgres_read_event_store.go:37.16,39.3 1 0
bitbucket.org/pbisse/eventserver/application/repositories/postgres_read_event_store.go:45.18,48.53 3 0
bitbucket.org/pbisse/eventserver/application/repositories/postgres_read_event_store.go:52.3,53.33 2 0
bitbucket.org/pbisse/eventserver/application/repositories/postgres_read_event_store.go:48.53,50.4 1 0
bitbucket.org/pbisse/eventserver/application/repositories/postgres_read_event_store.go:62.59,74.57 3 0
bitbucket.org/pbisse/eventserver/application/repositories/postgres_read_event_store.go:78.2,78.28 1 0
bitbucket.org/pbisse/eventserver/application/repositories/postgres_read_event_store.go:74.57,76.3 1 0
bitbucket.org/pbisse/eventserver/application/repositories/postgres_read_event_store.go:81.110,95.16 2 0
bitbucket.org/pbisse/eventserver/application/repositories/postgres_read_event_store.go:99.2,103.18 3 0
bitbucket.org/pbisse/eventserver/application/repositories/postgres_read_event_store.go:115.2,115.23 1 0
bitbucket.org/pbisse/eventserver/application/repositories/postgres_read_event_store.go:95.16,97.3 1 0
bitbucket.org/pbisse/eventserver/application/repositories/postgres_read_event_store.go:103.18,107.142 4 0
bitbucket.org/pbisse/eventserver/application/repositories/postgres_read_event_store.go:110.3,112.42 3 0
bitbucket.org/pbisse/eventserver/application/repositories/postgres_read_event_store.go:107.142,109.4 1 0
bitbucket.org/pbisse/eventserver/application/repositories/postgres_read_event_store.go:118.140,134.16 3 0
bitbucket.org/pbisse/eventserver/application/repositories/postgres_read_event_store.go:138.2,142.18 3 0
bitbucket.org/pbisse/eventserver/application/repositories/postgres_read_event_store.go:155.2,155.31 1 0
bitbucket.org/pbisse/eventserver/application/repositories/postgres_read_event_store.go:134.16,136.3 1 0
bitbucket.org/pbisse/eventserver/application/repositories/postgres_read_event_store.go:142.18,147.120 4 0
bitbucket.org/pbisse/eventserver/application/repositories/postgres_read_event_store.go:150.3,152.66 3 0
bitbucket.org/pbisse/eventserver/application/repositories/postgres_read_event_store.go:147.120,149.4 1 0
bitbucket.org/pbisse/eventserver/api/auth.go:5.85,6.54 1 0
bitbucket.org/pbisse/eventserver/api/auth.go:6.54,7.36 1 0
bitbucket.org/pbisse/eventserver/api/auth.go:12.3,14.41 3 0
bitbucket.org/pbisse/eventserver/api/auth.go:7.36,10.4 2 0
bitbucket.org/pbisse/eventserver/api/auth.go:18.62,20.9 2 0
bitbucket.org/pbisse/eventserver/api/auth.go:23.2,23.31 1 0
bitbucket.org/pbisse/eventserver/api/auth.go:20.9,22.3 1 0
bitbucket.org/pbisse/eventserver/api/input/receive_events_request.go:17.75,21.16 3 0
bitbucket.org/pbisse/eventserver/api/input/receive_events_request.go:25.2,28.16 3 0
bitbucket.org/pbisse/eventserver/api/input/receive_events_request.go:32.2,37.8 1 0
bitbucket.org/pbisse/eventserver/api/input/receive_events_request.go:21.16,23.3 1 0
bitbucket.org/pbisse/eventserver/api/input/receive_events_request.go:28.16,30.3 1 0
bitbucket.org/pbisse/eventserver/main.go:17.13,21.2 3 0
bitbucket.org/pbisse/eventserver/api/input/consumers_for_stream_request.go:12.84,18.2 2 0
bitbucket.org/pbisse/eventserver/api/input/receive_acknowledgement_request.go:15.93,19.16 3 1
bitbucket.org/pbisse/eventserver/api/input/receive_acknowledgement_request.go:23.2,25.16 2 1
bitbucket.org/pbisse/eventserver/api/input/receive_acknowledgement_request.go:29.2,33.8 1 0
bitbucket.org/pbisse/eventserver/api/input/receive_acknowledgement_request.go:19.16,21.3 1 1
bitbucket.org/pbisse/eventserver/api/input/receive_acknowledgement_request.go:25.16,27.3 1 1
bitbucket.org/pbisse/eventserver/application/specifications/search/spec_retriever.go:14.63,16.2 1 0
bitbucket.org/pbisse/eventserver/application/specifications/search/spec_retriever.go:18.82,19.41 1 0
bitbucket.org/pbisse/eventserver/application/specifications/search/spec_retriever.go:25.2,25.30 1 0
bitbucket.org/pbisse/eventserver/application/specifications/search/spec_retriever.go:19.41,20.33 1 0
bitbucket.org/pbisse/eventserver/application/specifications/search/spec_retriever.go:20.33,22.4 1 0
bitbucket.org/pbisse/eventserver/application/repositories/postgres_search_store.go:12.69,14.2 1 0
bitbucket.org/pbisse/eventserver/application/repositories/postgres_search_store.go:16.82,22.48 3 0
bitbucket.org/pbisse/eventserver/application/repositories/postgres_search_store.go:26.2,26.26 1 0
bitbucket.org/pbisse/eventserver/application/repositories/postgres_search_store.go:22.48,24.3 1 0
bitbucket.org/pbisse/eventserver/api/api_handlers.go:16.76,23.2 3 0
bitbucket.org/pbisse/eventserver/api/api_handlers.go:25.82,28.63 2 0
bitbucket.org/pbisse/eventserver/api/api_handlers.go:33.2,39.16 5 0
bitbucket.org/pbisse/eventserver/api/api_handlers.go:44.2,44.49 1 0
bitbucket.org/pbisse/eventserver/api/api_handlers.go:49.2,56.16 6 0
bitbucket.org/pbisse/eventserver/api/api_handlers.go:61.2,61.50 1 0
bitbucket.org/pbisse/eventserver/api/api_handlers.go:28.63,31.3 2 0
bitbucket.org/pbisse/eventserver/api/api_handlers.go:39.16,42.3 2 0
bitbucket.org/pbisse/eventserver/api/api_handlers.go:44.49,47.3 2 0
bitbucket.org/pbisse/eventserver/api/api_handlers.go:56.16,59.3 2 0
bitbucket.org/pbisse/eventserver/api/api_handlers.go:64.92,67.16 2 0
bitbucket.org/pbisse/eventserver/api/api_handlers.go:72.2,72.73 1 0
bitbucket.org/pbisse/eventserver/api/api_handlers.go:77.2,84.45 6 0
bitbucket.org/pbisse/eventserver/api/api_handlers.go:67.16,70.3 2 0
bitbucket.org/pbisse/eventserver/api/api_handlers.go:72.73,75.3 2 0
bitbucket.org/pbisse/eventserver/api/api_handlers.go:87.83,90.16 2 0
bitbucket.org/pbisse/eventserver/api/api_handlers.go:95.2,95.64 1 0
bitbucket.org/pbisse/eventserver/api/api_handlers.go:100.2,110.35 4 0
bitbucket.org/pbisse/eventserver/api/api_handlers.go:115.2,115.16 1 0
bitbucket.org/pbisse/eventserver/api/api_handlers.go:120.2,120.45 1 0
bitbucket.org/pbisse/eventserver/api/api_handlers.go:90.16,93.3 2 0
bitbucket.org/pbisse/eventserver/api/api_handlers.go:95.64,98.3 2 0
bitbucket.org/pbisse/eventserver/api/api_handlers.go:110.35,113.3 2 0
bitbucket.org/pbisse/eventserver/api/api_handlers.go:115.16,118.3 2 0
bitbucket.org/pbisse/eventserver/api/api_handlers.go:123.92,127.35 3 0
bitbucket.org/pbisse/eventserver/api/api_handlers.go:132.2,132.16 1 0
bitbucket.org/pbisse/eventserver/api/api_handlers.go:137.2,137.40 1 0
bitbucket.org/pbisse/eventserver/api/api_handlers.go:127.35,130.3 2 0
bitbucket.org/pbisse/eventserver/api/api_handlers.go:132.16,135.3 2 0
bitbucket.org/pbisse/eventserver/api/api_handlers.go:140.87,144.35 3 0
bitbucket.org/pbisse/eventserver/api/api_handlers.go:149.2,149.16 1 0
bitbucket.org/pbisse/eventserver/api/api_handlers.go:154.2,154.40 1 0
bitbucket.org/pbisse/eventserver/api/api_handlers.go:144.35,147.3 2 0
bitbucket.org/pbisse/eventserver/api/api_handlers.go:149.16,152.3 2 0
bitbucket.org/pbisse/eventserver/api/api_handlers.go:157.98,161.35 3 0
bitbucket.org/pbisse/eventserver/api/api_handlers.go:166.2,166.16 1 0
bitbucket.org/pbisse/eventserver/api/api_handlers.go:171.2,171.40 1 0
bitbucket.org/pbisse/eventserver/api/api_handlers.go:161.35,164.3 2 0
bitbucket.org/pbisse/eventserver/api/api_handlers.go:166.16,169.3 2 0
bitbucket.org/pbisse/eventserver/api/api_handlers.go:174.76,177.61 2 0
bitbucket.org/pbisse/eventserver/api/api_handlers.go:182.2,187.35 4 0
bitbucket.org/pbisse/eventserver/api/api_handlers.go:192.2,192.16 1 0
bitbucket.org/pbisse/eventserver/api/api_handlers.go:197.2,197.37 1 0
bitbucket.org/pbisse/eventserver/api/api_handlers.go:177.61,180.3 2 0
bitbucket.org/pbisse/eventserver/api/api_handlers.go:187.35,190.3 2 0
bitbucket.org/pbisse/eventserver/api/api_handlers.go:192.16,195.3 2 0
bitbucket.org/pbisse/eventserver/api/api_handlers.go:200.88,203.60 2 0
bitbucket.org/pbisse/eventserver/api/api_handlers.go:208.2,212.35 4 0
bitbucket.org/pbisse/eventserver/api/api_handlers.go:217.2,217.16 1 0
bitbucket.org/pbisse/eventserver/api/api_handlers.go:222.2,222.45 1 0
bitbucket.org/pbisse/eventserver/api/api_handlers.go:203.60,206.3 2 0
bitbucket.org/pbisse/eventserver/api/api_handlers.go:212.35,215.3 2 0
bitbucket.org/pbisse/eventserver/api/api_handlers.go:217.16,220.3 2 0
bitbucket.org/pbisse/eventserver/api/api_handlers.go:225.87,230.16 4 0
bitbucket.org/pbisse/eventserver/api/api_handlers.go:235.2,240.35 5 0
bitbucket.org/pbisse/eventserver/api/api_handlers.go:245.2,245.16 1 0
bitbucket.org/pbisse/eventserver/api/api_handlers.go:250.2,250.45 1 0
bitbucket.org/pbisse/eventserver/api/api_handlers.go:230.16,233.3 2 0
bitbucket.org/pbisse/eventserver/api/api_handlers.go:240.35,243.3 2 0
bitbucket.org/pbisse/eventserver/api/api_handlers.go:245.16,248.3 2 0
bitbucket.org/pbisse/eventserver/api/input/search_term_request.go:11.72,15.2 2 0
bitbucket.org/pbisse/eventserver/application/types/event.go:38.46,40.2 1 0
bitbucket.org/pbisse/eventserver/application/types/event.go:42.47,44.9 2 0
bitbucket.org/pbisse/eventserver/application/types/event.go:48.2,48.30 1 0
bitbucket.org/pbisse/eventserver/application/types/event.go:44.9,46.3 1 0
bitbucket.org/pbisse/eventserver/application/types/event.go:51.33,54.16 3 0
bitbucket.org/pbisse/eventserver/application/types/event.go:58.2,58.25 1 0
bitbucket.org/pbisse/eventserver/application/types/event.go:54.16,56.3 1 0
bitbucket.org/pbisse/eventserver/application/specifications/search/spec_list.go:5.49,7.2 1 1
bitbucket.org/pbisse/eventserver/application/specifications/search/last_two_days_spec.go:9.62,11.2 1 1
bitbucket.org/pbisse/eventserver/application/specifications/search/last_two_days_spec.go:13.49,15.2 1 0
bitbucket.org/pbisse/eventserver/application/specifications/search/last_week_spec.go:9.60,11.2 1 1
bitbucket.org/pbisse/eventserver/application/specifications/search/last_week_spec.go:13.47,15.2 1 0
bitbucket.org/pbisse/eventserver/application/repositories/postgres_search_store.go:12.69,14.2 1 0
bitbucket.org/pbisse/eventserver/application/repositories/postgres_search_store.go:16.82,22.48 3 0
bitbucket.org/pbisse/eventserver/application/repositories/postgres_search_store.go:26.2,26.26 1 0
bitbucket.org/pbisse/eventserver/application/repositories/postgres_search_store.go:22.48,24.3 1 0
bitbucket.org/pbisse/eventserver/api/api_handlers.go:16.76,23.2 3 0
bitbucket.org/pbisse/eventserver/api/api_handlers.go:25.82,28.63 2 0
bitbucket.org/pbisse/eventserver/api/api_handlers.go:33.2,39.16 5 0
bitbucket.org/pbisse/eventserver/api/api_handlers.go:44.2,44.49 1 0
bitbucket.org/pbisse/eventserver/api/api_handlers.go:49.2,56.16 6 0
bitbucket.org/pbisse/eventserver/api/api_handlers.go:61.2,61.50 1 0
bitbucket.org/pbisse/eventserver/api/api_handlers.go:28.63,31.3 2 0
bitbucket.org/pbisse/eventserver/api/api_handlers.go:39.16,42.3 2 0
bitbucket.org/pbisse/eventserver/api/api_handlers.go:44.49,47.3 2 0
bitbucket.org/pbisse/eventserver/api/api_handlers.go:56.16,59.3 2 0
bitbucket.org/pbisse/eventserver/api/api_handlers.go:64.92,67.16 2 0
bitbucket.org/pbisse/eventserver/api/api_handlers.go:72.2,72.73 1 0
bitbucket.org/pbisse/eventserver/api/api_handlers.go:77.2,84.45 6 0
bitbucket.org/pbisse/eventserver/api/api_handlers.go:67.16,70.3 2 0
bitbucket.org/pbisse/eventserver/api/api_handlers.go:72.73,75.3 2 0
bitbucket.org/pbisse/eventserver/api/api_handlers.go:87.83,90.16 2 0
bitbucket.org/pbisse/eventserver/api/api_handlers.go:95.2,95.64 1 0
bitbucket.org/pbisse/eventserver/api/api_handlers.go:100.2,110.35 4 0
bitbucket.org/pbisse/eventserver/api/api_handlers.go:115.2,115.16 1 0
bitbucket.org/pbisse/eventserver/api/api_handlers.go:120.2,120.45 1 0
bitbucket.org/pbisse/eventserver/api/api_handlers.go:90.16,93.3 2 0
bitbucket.org/pbisse/eventserver/api/api_handlers.go:95.64,98.3 2 0
bitbucket.org/pbisse/eventserver/api/api_handlers.go:110.35,113.3 2 0
bitbucket.org/pbisse/eventserver/api/api_handlers.go:115.16,118.3 2 0
bitbucket.org/pbisse/eventserver/api/api_handlers.go:123.92,127.35 3 0
bitbucket.org/pbisse/eventserver/api/api_handlers.go:132.2,132.16 1 0
bitbucket.org/pbisse/eventserver/api/api_handlers.go:137.2,137.40 1 0
bitbucket.org/pbisse/eventserver/api/api_handlers.go:127.35,130.3 2 0
bitbucket.org/pbisse/eventserver/api/api_handlers.go:132.16,135.3 2 0
bitbucket.org/pbisse/eventserver/api/api_handlers.go:140.87,144.35 3 0
bitbucket.org/pbisse/eventserver/api/api_handlers.go:149.2,149.16 1 0
bitbucket.org/pbisse/eventserver/api/api_handlers.go:154.2,154.40 1 0
bitbucket.org/pbisse/eventserver/api/api_handlers.go:144.35,147.3 2 0
bitbucket.org/pbisse/eventserver/api/api_handlers.go:149.16,152.3 2 0
bitbucket.org/pbisse/eventserver/api/api_handlers.go:157.98,161.35 3 0
bitbucket.org/pbisse/eventserver/api/api_handlers.go:166.2,166.16 1 0
bitbucket.org/pbisse/eventserver/api/api_handlers.go:171.2,171.40 1 0
bitbucket.org/pbisse/eventserver/api/api_handlers.go:161.35,164.3 2 0
bitbucket.org/pbisse/eventserver/api/api_handlers.go:166.16,169.3 2 0
bitbucket.org/pbisse/eventserver/api/api_handlers.go:174.76,177.61 2 0
bitbucket.org/pbisse/eventserver/api/api_handlers.go:182.2,187.35 4 0
bitbucket.org/pbisse/eventserver/api/api_handlers.go:192.2,192.16 1 0
bitbucket.org/pbisse/eventserver/api/api_handlers.go:197.2,197.37 1 0
bitbucket.org/pbisse/eventserver/api/api_handlers.go:177.61,180.3 2 0
bitbucket.org/pbisse/eventserver/api/api_handlers.go:187.35,190.3 2 0
bitbucket.org/pbisse/eventserver/api/api_handlers.go:192.16,195.3 2 0
bitbucket.org/pbisse/eventserver/api/api_handlers.go:200.88,203.60 2 0
bitbucket.org/pbisse/eventserver/api/api_handlers.go:208.2,212.35 4 0
bitbucket.org/pbisse/eventserver/api/api_handlers.go:217.2,217.16 1 0
bitbucket.org/pbisse/eventserver/api/api_handlers.go:222.2,222.45 1 0
bitbucket.org/pbisse/eventserver/api/api_handlers.go:203.60,206.3 2 0
bitbucket.org/pbisse/eventserver/api/api_handlers.go:212.35,215.3 2 0
bitbucket.org/pbisse/eventserver/api/api_handlers.go:217.16,220.3 2 0
bitbucket.org/pbisse/eventserver/api/api_handlers.go:225.87,230.16 4 0
bitbucket.org/pbisse/eventserver/api/api_handlers.go:235.2,240.35 5 0
bitbucket.org/pbisse/eventserver/api/api_handlers.go:245.2,245.16 1 0
bitbucket.org/pbisse/eventserver/api/api_handlers.go:250.2,250.45 1 0
bitbucket.org/pbisse/eventserver/api/api_handlers.go:230.16,233.3 2 0
bitbucket.org/pbisse/eventserver/api/api_handlers.go:240.35,243.3 2 0
bitbucket.org/pbisse/eventserver/api/api_handlers.go:245.16,248.3 2 0
bitbucket.org/pbisse/eventserver/application/specifications/search/last_day_spec.go:9.58,11.2 1 1
bitbucket.org/pbisse/eventserver/application/specifications/search/last_day_spec.go:13.45,15.2 1 0
bitbucket.org/pbisse/eventserver/api/input/receive_acknowledgement_request.go:15.93,19.16 3 0
bitbucket.org/pbisse/eventserver/api/input/receive_acknowledgement_request.go:23.2,25.16 2 0
bitbucket.org/pbisse/eventserver/api/input/receive_acknowledgement_request.go:29.2,33.8 1 0
bitbucket.org/pbisse/eventserver/api/input/receive_acknowledgement_request.go:19.16,21.3 1 0
bitbucket.org/pbisse/eventserver/api/input/receive_acknowledgement_request.go:25.16,27.3 1 0
bitbucket.org/pbisse/eventserver/application/specifications/search/last_six_hours_spec.go:9.63,11.2 1 1
bitbucket.org/pbisse/eventserver/application/specifications/search/last_six_hours_spec.go:13.50,15.2 1 0
bitbucket.org/pbisse/eventserver/application/specifications/search/last_two_weeks_spec.go:9.63,11.2 1 1
bitbucket.org/pbisse/eventserver/application/specifications/search/last_two_weeks_spec.go:13.50,15.2 1 0
bitbucket.org/pbisse/eventserver/application/repositories/postgres_read_event_store.go:16.75,18.2 1 0
bitbucket.org/pbisse/eventserver/application/repositories/postgres_read_event_store.go:20.98,23.16 2 0
bitbucket.org/pbisse/eventserver/application/repositories/postgres_read_event_store.go:27.2,37.16 2 0
bitbucket.org/pbisse/eventserver/application/repositories/postgres_read_event_store.go:41.2,45.18 3 0
bitbucket.org/pbisse/eventserver/application/repositories/postgres_read_event_store.go:56.2,56.20 1 0
bitbucket.org/pbisse/eventserver/application/repositories/postgres_read_event_store.go:23.16,25.3 1 0
bitbucket.org/pbisse/eventserver/application/repositories/postgres_read_event_store.go:37.16,39.3 1 0
bitbucket.org/pbisse/eventserver/application/repositories/postgres_read_event_store.go:45.18,48.53 3 0
bitbucket.org/pbisse/eventserver/application/repositories/postgres_read_event_store.go:52.3,53.33 2 0
bitbucket.org/pbisse/eventserver/application/repositories/postgres_read_event_store.go:48.53,50.4 1 0
bitbucket.org/pbisse/eventserver/application/repositories/postgres_read_event_store.go:62.59,74.57 3 0
bitbucket.org/pbisse/eventserver/application/repositories/postgres_read_event_store.go:78.2,78.28 1 0
bitbucket.org/pbisse/eventserver/application/repositories/postgres_read_event_store.go:74.57,76.3 1 0
bitbucket.org/pbisse/eventserver/application/repositories/postgres_read_event_store.go:81.110,95.16 2 0
bitbucket.org/pbisse/eventserver/application/repositories/postgres_read_event_store.go:99.2,103.18 3 0
bitbucket.org/pbisse/eventserver/application/repositories/postgres_read_event_store.go:115.2,115.23 1 0
bitbucket.org/pbisse/eventserver/application/repositories/postgres_read_event_store.go:95.16,97.3 1 0
bitbucket.org/pbisse/eventserver/application/repositories/postgres_read_event_store.go:103.18,107.142 4 0
bitbucket.org/pbisse/eventserver/application/repositories/postgres_read_event_store.go:110.3,112.42 3 0
bitbucket.org/pbisse/eventserver/application/repositories/postgres_read_event_store.go:107.142,109.4 1 0
bitbucket.org/pbisse/eventserver/application/repositories/postgres_read_event_store.go:118.140,134.16 3 0
bitbucket.org/pbisse/eventserver/application/repositories/postgres_read_event_store.go:138.2,142.18 3 0
bitbucket.org/pbisse/eventserver/application/repositories/postgres_read_event_store.go:155.2,155.31 1 0
bitbucket.org/pbisse/eventserver/application/repositories/postgres_read_event_store.go:134.16,136.3 1 0
bitbucket.org/pbisse/eventserver/application/repositories/postgres_read_event_store.go:142.18,147.120 4 0
bitbucket.org/pbisse/eventserver/application/repositories/postgres_read_event_store.go:150.3,152.66 3 0
bitbucket.org/pbisse/eventserver/application/repositories/postgres_read_event_store.go:147.120,149.4 1 0
bitbucket.org/pbisse/eventserver/api/content_type.go:11.68,12.54 1 0
bitbucket.org/pbisse/eventserver/api/content_type.go:12.54,15.17 2 0
bitbucket.org/pbisse/eventserver/api/content_type.go:22.3,23.9 2 0
bitbucket.org/pbisse/eventserver/api/content_type.go:15.17,20.4 4 0
bitbucket.org/pbisse/eventserver/api/content_type.go:27.42,31.38 3 0
bitbucket.org/pbisse/eventserver/api/content_type.go:35.2,36.33 2 0
bitbucket.org/pbisse/eventserver/api/content_type.go:40.2,40.12 1 0
bitbucket.org/pbisse/eventserver/api/content_type.go:31.38,33.3 1 0
bitbucket.org/pbisse/eventserver/api/content_type.go:36.33,38.3 1 0
bitbucket.org/pbisse/eventserver/api/input/receive_events_request.go:17.75,21.16 3 0
bitbucket.org/pbisse/eventserver/api/input/receive_events_request.go:25.2,28.16 3 0
bitbucket.org/pbisse/eventserver/api/input/receive_events_request.go:32.2,37.8 1 0
bitbucket.org/pbisse/eventserver/api/input/receive_events_request.go:21.16,23.3 1 0
bitbucket.org/pbisse/eventserver/api/input/receive_events_request.go:28.16,30.3 1 0
bitbucket.org/pbisse/eventserver/application/repositories/postgres_write_event_store.go:15.77,17.2 1 0
bitbucket.org/pbisse/eventserver/application/repositories/postgres_write_event_store.go:19.147,25.34 4 0
bitbucket.org/pbisse/eventserver/application/repositories/postgres_write_event_store.go:30.2,30.47 1 0
bitbucket.org/pbisse/eventserver/application/repositories/postgres_write_event_store.go:35.2,40.16 3 0
bitbucket.org/pbisse/eventserver/application/repositories/postgres_write_event_store.go:44.2,46.44 2 0
bitbucket.org/pbisse/eventserver/application/repositories/postgres_write_event_store.go:25.34,28.3 2 0
bitbucket.org/pbisse/eventserver/application/repositories/postgres_write_event_store.go:30.47,33.3 2 0
bitbucket.org/pbisse/eventserver/application/repositories/postgres_write_event_store.go:40.16,42.3 1 0
bitbucket.org/pbisse/eventserver/application/repositories/postgres_write_event_store.go:49.108,56.51 3 0
bitbucket.org/pbisse/eventserver/application/repositories/postgres_write_event_store.go:60.2,60.19 1 0
bitbucket.org/pbisse/eventserver/application/repositories/postgres_write_event_store.go:56.51,58.3 1 0
bitbucket.org/pbisse/eventserver/application/repositories/postgres_write_event_store.go:63.120,67.2 1 0
bitbucket.org/pbisse/eventserver/application/repositories/postgres_write_event_store.go:69.140,72.16 2 0
bitbucket.org/pbisse/eventserver/application/repositories/postgres_write_event_store.go:76.2,78.50 2 0
bitbucket.org/pbisse/eventserver/application/repositories/postgres_write_event_store.go:82.2,84.43 2 0
bitbucket.org/pbisse/eventserver/application/repositories/postgres_write_event_store.go:89.2,95.16 3 0
bitbucket.org/pbisse/eventserver/application/repositories/postgres_write_event_store.go:99.2,99.117 1 0
bitbucket.org/pbisse/eventserver/application/repositories/postgres_write_event_store.go:72.16,74.3 1 0
bitbucket.org/pbisse/eventserver/application/repositories/postgres_write_event_store.go:78.50,80.3 1 0
bitbucket.org/pbisse/eventserver/application/repositories/postgres_write_event_store.go:84.43,87.3 2 0
bitbucket.org/pbisse/eventserver/application/repositories/postgres_write_event_store.go:95.16,97.3 1 0
bitbucket.org/pbisse/eventserver/application/repositories/postgres_write_event_store.go:102.152,110.69 4 0
bitbucket.org/pbisse/eventserver/application/repositories/postgres_write_event_store.go:116.2,116.33 1 0
bitbucket.org/pbisse/eventserver/application/repositories/postgres_write_event_store.go:110.69,114.3 2 0
bitbucket.org/pbisse/eventserver/application/repositories/postgres_write_event_store.go:122.59,129.57 3 0
bitbucket.org/pbisse/eventserver/application/repositories/postgres_write_event_store.go:133.2,133.28 1 0
bitbucket.org/pbisse/eventserver/application/repositories/postgres_write_event_store.go:129.57,131.3 1 0
bitbucket.org/pbisse/eventserver/api/auth.go:5.85,6.54 1 0
bitbucket.org/pbisse/eventserver/api/auth.go:6.54,7.36 1 0
bitbucket.org/pbisse/eventserver/api/auth.go:12.3,14.41 3 0
bitbucket.org/pbisse/eventserver/api/auth.go:7.36,10.4 2 0
bitbucket.org/pbisse/eventserver/api/auth.go:18.62,20.9 2 0
bitbucket.org/pbisse/eventserver/api/auth.go:23.2,23.31 1 0
bitbucket.org/pbisse/eventserver/api/auth.go:20.9,22.3 1 0
bitbucket.org/pbisse/eventserver/application/specifications/search/spec_retriever.go:14.63,16.2 1 1
bitbucket.org/pbisse/eventserver/application/specifications/search/spec_retriever.go:18.82,19.41 1 1
bitbucket.org/pbisse/eventserver/application/specifications/search/spec_retriever.go:25.2,25.30 1 1
bitbucket.org/pbisse/eventserver/application/specifications/search/spec_retriever.go:19.41,20.33 1 1
bitbucket.org/pbisse/eventserver/application/specifications/search/spec_retriever.go:20.33,22.4 1 1
bitbucket.org/pbisse/eventserver/api/input/search_term_request.go:11.72,15.2 2 0
bitbucket.org/pbisse/eventserver/main.go:17.13,21.2 3 0
bitbucket.org/pbisse/eventserver/application/types/consumer_offset.go:7.52,11.2 2 0
bitbucket.org/pbisse/eventserver/application/repositories/postgres_chart_strore.go:9.67,11.2 1 0
bitbucket.org/pbisse/eventserver/application/repositories/postgres_chart_strore.go:13.64,17.2 2 0
bitbucket.org/pbisse/eventserver/application/repositories/postgres_chart_strore.go:19.64,23.2 2 0
bitbucket.org/pbisse/eventserver/application/repositories/postgres_chart_strore.go:25.70,29.2 2 0
bitbucket.org/pbisse/eventserver/application/repositories/postgres_chart_strore.go:31.76,34.46 2 0
bitbucket.org/pbisse/eventserver/application/repositories/postgres_chart_strore.go:38.2,38.26 1 0
bitbucket.org/pbisse/eventserver/application/repositories/postgres_chart_strore.go:34.46,36.3 1 0
bitbucket.org/pbisse/eventserver/api/app.go:28.80,35.16 5 0
bitbucket.org/pbisse/eventserver/api/app.go:39.2,40.16 2 0
bitbucket.org/pbisse/eventserver/api/app.go:44.2,47.22 3 0
bitbucket.org/pbisse/eventserver/api/app.go:35.16,37.3 1 0
bitbucket.org/pbisse/eventserver/api/app.go:40.16,42.3 1 0
bitbucket.org/pbisse/eventserver/api/app.go:50.32,53.2 2 0
bitbucket.org/pbisse/eventserver/api/app.go:55.34,97.2 11 0
bitbucket.org/pbisse/eventserver/api/app.go:99.85,102.2 2 0
bitbucket.org/pbisse/eventserver/api/app.go:104.73,108.2 3 0
bitbucket.org/pbisse/eventserver/api/app.go:110.81,114.2 2 0
bitbucket.org/pbisse/eventserver/api/logging.go:9.63,11.2 1 0
bitbucket.org/pbisse/eventserver/application/specifications/search/last_month_spec.go:9.60,11.2 1 1
bitbucket.org/pbisse/eventserver/application/specifications/search/last_month_spec.go:13.47,15.2 1 0
bitbucket.org/pbisse/eventserver/api/input/consumers_for_stream_request.go:12.84,18.2 2 0
bitbucket.org/pbisse/eventserver/api/input/receive_event_request.go:13.78,20.2 2 0
bitbucket.org/pbisse/eventserver/main.go:17.13,21.2 3 0
bitbucket.org/pbisse/eventserver/api/api_handlers.go:16.76,23.2 3 1
bitbucket.org/pbisse/eventserver/api/api_handlers.go:25.82,28.63 2 1
bitbucket.org/pbisse/eventserver/api/api_handlers.go:33.2,39.16 5 1
bitbucket.org/pbisse/eventserver/api/api_handlers.go:44.2,44.49 1 1
bitbucket.org/pbisse/eventserver/api/api_handlers.go:49.2,56.16 6 1
bitbucket.org/pbisse/eventserver/api/api_handlers.go:61.2,61.50 1 1
bitbucket.org/pbisse/eventserver/api/api_handlers.go:28.63,31.3 2 1
bitbucket.org/pbisse/eventserver/api/api_handlers.go:39.16,42.3 2 0
bitbucket.org/pbisse/eventserver/api/api_handlers.go:44.49,47.3 2 0
bitbucket.org/pbisse/eventserver/api/api_handlers.go:56.16,59.3 2 1
bitbucket.org/pbisse/eventserver/api/api_handlers.go:64.92,67.16 2 0
bitbucket.org/pbisse/eventserver/api/api_handlers.go:72.2,72.73 1 0
bitbucket.org/pbisse/eventserver/api/api_handlers.go:77.2,84.45 6 0
bitbucket.org/pbisse/eventserver/api/api_handlers.go:67.16,70.3 2 0
bitbucket.org/pbisse/eventserver/api/api_handlers.go:72.73,75.3 2 0
bitbucket.org/pbisse/eventserver/api/api_handlers.go:87.83,90.16 2 1
bitbucket.org/pbisse/eventserver/api/api_handlers.go:95.2,95.64 1 1
bitbucket.org/pbisse/eventserver/api/api_handlers.go:100.2,110.35 4 1
bitbucket.org/pbisse/eventserver/api/api_handlers.go:115.2,115.16 1 1
bitbucket.org/pbisse/eventserver/api/api_handlers.go:120.2,120.45 1 1
bitbucket.org/pbisse/eventserver/api/api_handlers.go:90.16,93.3 2 1
bitbucket.org/pbisse/eventserver/api/api_handlers.go:95.64,98.3 2 1
bitbucket.org/pbisse/eventserver/api/api_handlers.go:110.35,113.3 2 1
bitbucket.org/pbisse/eventserver/api/api_handlers.go:115.16,118.3 2 0
bitbucket.org/pbisse/eventserver/api/api_handlers.go:123.92,127.35 3 1
bitbucket.org/pbisse/eventserver/api/api_handlers.go:132.2,132.16 1 1
bitbucket.org/pbisse/eventserver/api/api_handlers.go:137.2,137.40 1 1
bitbucket.org/pbisse/eventserver/api/api_handlers.go:127.35,130.3 2 0
bitbucket.org/pbisse/eventserver/api/api_handlers.go:132.16,135.3 2 0
bitbucket.org/pbisse/eventserver/api/api_handlers.go:140.87,144.35 3 1
bitbucket.org/pbisse/eventserver/api/api_handlers.go:149.2,149.16 1 1
bitbucket.org/pbisse/eventserver/api/api_handlers.go:154.2,154.40 1 1
bitbucket.org/pbisse/eventserver/api/api_handlers.go:144.35,147.3 2 0
bitbucket.org/pbisse/eventserver/api/api_handlers.go:149.16,152.3 2 0
bitbucket.org/pbisse/eventserver/api/api_handlers.go:157.98,161.35 3 1
bitbucket.org/pbisse/eventserver/api/api_handlers.go:166.2,166.16 1 1
bitbucket.org/pbisse/eventserver/api/api_handlers.go:171.2,171.40 1 1
bitbucket.org/pbisse/eventserver/api/api_handlers.go:161.35,164.3 2 0
bitbucket.org/pbisse/eventserver/api/api_handlers.go:166.16,169.3 2 0
bitbucket.org/pbisse/eventserver/api/api_handlers.go:174.76,177.61 2 1
bitbucket.org/pbisse/eventserver/api/api_handlers.go:182.2,187.35 4 1
bitbucket.org/pbisse/eventserver/api/api_handlers.go:192.2,192.16 1 1
bitbucket.org/pbisse/eventserver/api/api_handlers.go:197.2,197.37 1 1
bitbucket.org/pbisse/eventserver/api/api_handlers.go:177.61,180.3 2 1
bitbucket.org/pbisse/eventserver/api/api_handlers.go:187.35,190.3 2 0
bitbucket.org/pbisse/eventserver/api/api_handlers.go:192.16,195.3 2 0
bitbucket.org/pbisse/eventserver/api/api_handlers.go:200.88,203.60 2 1
bitbucket.org/pbisse/eventserver/api/api_handlers.go:208.2,212.35 4 1
bitbucket.org/pbisse/eventserver/api/api_handlers.go:217.2,217.16 1 1
bitbucket.org/pbisse/eventserver/api/api_handlers.go:222.2,222.45 1 1
bitbucket.org/pbisse/eventserver/api/api_handlers.go:203.60,206.3 2 0
bitbucket.org/pbisse/eventserver/api/api_handlers.go:212.35,215.3 2 0
bitbucket.org/pbisse/eventserver/api/api_handlers.go:217.16,220.3 2 0
bitbucket.org/pbisse/eventserver/api/api_handlers.go:225.87,230.16 4 1
bitbucket.org/pbisse/eventserver/api/api_handlers.go:235.2,240.35 5 1
bitbucket.org/pbisse/eventserver/api/api_handlers.go:245.2,245.16 1 1
bitbucket.org/pbisse/eventserver/api/api_handlers.go:250.2,250.45 1 1
bitbucket.org/pbisse/eventserver/api/api_handlers.go:230.16,233.3 2 1
bitbucket.org/pbisse/eventserver/api/api_handlers.go:240.35,243.3 2 0
bitbucket.org/pbisse/eventserver/api/api_handlers.go:245.16,248.3 2 0
bitbucket.org/pbisse/eventserver/api/app.go:28.80,35.16 5 1
bitbucket.org/pbisse/eventserver/api/app.go:39.2,40.16 2 1
bitbucket.org/pbisse/eventserver/api/app.go:44.2,47.22 3 1
bitbucket.org/pbisse/eventserver/api/app.go:35.16,37.3 1 0
bitbucket.org/pbisse/eventserver/api/app.go:40.16,42.3 1 0
bitbucket.org/pbisse/eventserver/api/app.go:50.32,53.2 2 0
bitbucket.org/pbisse/eventserver/api/app.go:55.34,97.2 11 1
bitbucket.org/pbisse/eventserver/api/app.go:99.85,102.2 2 1
bitbucket.org/pbisse/eventserver/api/app.go:104.73,108.2 3 1
bitbucket.org/pbisse/eventserver/api/app.go:110.81,114.2 2 1
bitbucket.org/pbisse/eventserver/api/logging.go:9.63,11.2 1 0
bitbucket.org/pbisse/eventserver/api/input/search_term_request.go:11.72,15.2 2 1
bitbucket.org/pbisse/eventserver/application/specifications/search/spec_list.go:5.49,7.2 1 1
bitbucket.org/pbisse/eventserver/application/repositories/postgres_write_event_store.go:15.77,17.2 1 1
bitbucket.org/pbisse/eventserver/application/repositories/postgres_write_event_store.go:19.147,25.34 4 1
bitbucket.org/pbisse/eventserver/application/repositories/postgres_write_event_store.go:30.2,30.47 1 1
bitbucket.org/pbisse/eventserver/application/repositories/postgres_write_event_store.go:35.2,40.16 3 1
bitbucket.org/pbisse/eventserver/application/repositories/postgres_write_event_store.go:44.2,46.44 2 1
bitbucket.org/pbisse/eventserver/application/repositories/postgres_write_event_store.go:25.34,28.3 2 1
bitbucket.org/pbisse/eventserver/application/repositories/postgres_write_event_store.go:30.47,33.3 2 1
bitbucket.org/pbisse/eventserver/application/repositories/postgres_write_event_store.go:40.16,42.3 1 0
bitbucket.org/pbisse/eventserver/application/repositories/postgres_write_event_store.go:49.108,56.51 3 1
bitbucket.org/pbisse/eventserver/application/repositories/postgres_write_event_store.go:60.2,60.19 1 1
bitbucket.org/pbisse/eventserver/application/repositories/postgres_write_event_store.go:56.51,58.3 1 1
bitbucket.org/pbisse/eventserver/application/repositories/postgres_write_event_store.go:63.120,67.2 1 1
bitbucket.org/pbisse/eventserver/application/repositories/postgres_write_event_store.go:69.140,72.16 2 0
bitbucket.org/pbisse/eventserver/application/repositories/postgres_write_event_store.go:76.2,78.50 2 0
bitbucket.org/pbisse/eventserver/application/repositories/postgres_write_event_store.go:82.2,84.43 2 0
bitbucket.org/pbisse/eventserver/application/repositories/postgres_write_event_store.go:89.2,95.16 3 0
bitbucket.org/pbisse/eventserver/application/repositories/postgres_write_event_store.go:99.2,99.117 1 0
bitbucket.org/pbisse/eventserver/application/repositories/postgres_write_event_store.go:72.16,74.3 1 0
bitbucket.org/pbisse/eventserver/application/repositories/postgres_write_event_store.go:78.50,80.3 1 0
bitbucket.org/pbisse/eventserver/application/repositories/postgres_write_event_store.go:84.43,87.3 2 0
bitbucket.org/pbisse/eventserver/application/repositories/postgres_write_event_store.go:95.16,97.3 1 0
bitbucket.org/pbisse/eventserver/application/repositories/postgres_write_event_store.go:102.152,110.69 4 0
bitbucket.org/pbisse/eventserver/application/repositories/postgres_write_event_store.go:116.2,116.33 1 0
bitbucket.org/pbisse/eventserver/application/repositories/postgres_write_event_store.go:110.69,114.3 2 0
bitbucket.org/pbisse/eventserver/application/repositories/postgres_write_event_store.go:122.59,129.57 3 0
bitbucket.org/pbisse/eventserver/application/repositories/postgres_write_event_store.go:133.2,133.28 1 0
bitbucket.org/pbisse/eventserver/application/repositories/postgres_write_event_store.go:129.57,131.3 1 0
bitbucket.org/pbisse/eventserver/api/input/receive_acknowledgement_request.go:15.93,19.16 3 0
bitbucket.org/pbisse/eventserver/api/input/receive_acknowledgement_request.go:23.2,25.16 2 0
bitbucket.org/pbisse/eventserver/api/input/receive_acknowledgement_request.go:29.2,33.8 1 0
bitbucket.org/pbisse/eventserver/api/input/receive_acknowledgement_request.go:19.16,21.3 1 0
bitbucket.org/pbisse/eventserver/api/input/receive_acknowledgement_request.go:25.16,27.3 1 0
bitbucket.org/pbisse/eventserver/application/specifications/search/last_two_days_spec.go:9.62,11.2 1 1
bitbucket.org/pbisse/eventserver/application/specifications/search/last_two_days_spec.go:13.49,15.2 1 0
bitbucket.org/pbisse/eventserver/application/specifications/search/last_six_hours_spec.go:9.63,11.2 1 1
bitbucket.org/pbisse/eventserver/application/specifications/search/last_six_hours_spec.go:13.50,15.2 1 1
bitbucket.org/pbisse/eventserver/application/repositories/postgres_read_event_store.go:16.75,18.2 1 1
bitbucket.org/pbisse/eventserver/application/repositories/postgres_read_event_store.go:20.98,23.16 2 1
bitbucket.org/pbisse/eventserver/application/repositories/postgres_read_event_store.go:27.2,37.16 2 1
bitbucket.org/pbisse/eventserver/application/repositories/postgres_read_event_store.go:41.2,45.18 3 1
bitbucket.org/pbisse/eventserver/application/repositories/postgres_read_event_store.go:56.2,56.20 1 1
bitbucket.org/pbisse/eventserver/application/repositories/postgres_read_event_store.go:23.16,25.3 1 1
bitbucket.org/pbisse/eventserver/application/repositories/postgres_read_event_store.go:37.16,39.3 1 0
bitbucket.org/pbisse/eventserver/application/repositories/postgres_read_event_store.go:45.18,48.53 3 1
bitbucket.org/pbisse/eventserver/application/repositories/postgres_read_event_store.go:52.3,53.33 2 1
bitbucket.org/pbisse/eventserver/application/repositories/postgres_read_event_store.go:48.53,50.4 1 0
bitbucket.org/pbisse/eventserver/application/repositories/postgres_read_event_store.go:62.59,74.57 3 1
bitbucket.org/pbisse/eventserver/application/repositories/postgres_read_event_store.go:78.2,78.28 1 1
bitbucket.org/pbisse/eventserver/application/repositories/postgres_read_event_store.go:74.57,76.3 1 1
bitbucket.org/pbisse/eventserver/application/repositories/postgres_read_event_store.go:81.110,95.16 2 1
bitbucket.org/pbisse/eventserver/application/repositories/postgres_read_event_store.go:99.2,103.18 3 1
bitbucket.org/pbisse/eventserver/application/repositories/postgres_read_event_store.go:115.2,115.23 1 1
bitbucket.org/pbisse/eventserver/application/repositories/postgres_read_event_store.go:95.16,97.3 1 0
bitbucket.org/pbisse/eventserver/application/repositories/postgres_read_event_store.go:103.18,107.142 4 1
bitbucket.org/pbisse/eventserver/application/repositories/postgres_read_event_store.go:110.3,112.42 3 1
bitbucket.org/pbisse/eventserver/application/repositories/postgres_read_event_store.go:107.142,109.4 1 0
bitbucket.org/pbisse/eventserver/application/repositories/postgres_read_event_store.go:118.140,134.16 3 1
bitbucket.org/pbisse/eventserver/application/repositories/postgres_read_event_store.go:138.2,142.18 3 1
bitbucket.org/pbisse/eventserver/application/repositories/postgres_read_event_store.go:155.2,155.31 1 1
bitbucket.org/pbisse/eventserver/application/repositories/postgres_read_event_store.go:134.16,136.3 1 0
bitbucket.org/pbisse/eventserver/application/repositories/postgres_read_event_store.go:142.18,147.120 4 1
bitbucket.org/pbisse/eventserver/application/repositories/postgres_read_event_store.go:150.3,152.66 3 1
bitbucket.org/pbisse/eventserver/application/repositories/postgres_read_event_store.go:147.120,149.4 1 0
bitbucket.org/pbisse/eventserver/api/input/receive_event_request.go:13.78,20.2 2 1
bitbucket.org/pbisse/eventserver/application/specifications/search/last_day_spec.go:9.58,11.2 1 1
bitbucket.org/pbisse/eventserver/application/specifications/search/last_day_spec.go:13.45,15.2 1 0
bitbucket.org/pbisse/eventserver/application/specifications/search/last_two_weeks_spec.go:9.63,11.2 1 1
bitbucket.org/pbisse/eventserver/application/specifications/search/last_two_weeks_spec.go:13.50,15.2 1 0
bitbucket.org/pbisse/eventserver/api/input/receive_events_request.go:17.75,21.16 3 1
bitbucket.org/pbisse/eventserver/api/input/receive_events_request.go:25.2,28.16 3 1
bitbucket.org/pbisse/eventserver/api/input/receive_events_request.go:32.2,37.8 1 1
bitbucket.org/pbisse/eventserver/api/input/receive_events_request.go:21.16,23.3 1 0
bitbucket.org/pbisse/eventserver/api/input/receive_events_request.go:28.16,30.3 1 1
bitbucket.org/pbisse/eventserver/application/types/event.go:38.46,40.2 1 0
bitbucket.org/pbisse/eventserver/application/types/event.go:42.47,44.9 2 1
bitbucket.org/pbisse/eventserver/application/types/event.go:48.2,48.30 1 1
bitbucket.org/pbisse/eventserver/application/types/event.go:44.9,46.3 1 0
bitbucket.org/pbisse/eventserver/application/types/event.go:51.33,54.16 3 1
bitbucket.org/pbisse/eventserver/application/types/event.go:58.2,58.25 1 1
bitbucket.org/pbisse/eventserver/application/types/event.go:54.16,56.3 1 0
bitbucket.org/pbisse/eventserver/api/auth.go:5.85,6.54 1 1
bitbucket.org/pbisse/eventserver/api/auth.go:6.54,7.36 1 1
bitbucket.org/pbisse/eventserver/api/auth.go:12.3,14.41 3 0
bitbucket.org/pbisse/eventserver/api/auth.go:7.36,10.4 2 1
bitbucket.org/pbisse/eventserver/api/auth.go:18.62,20.9 2 1
bitbucket.org/pbisse/eventserver/api/auth.go:23.2,23.31 1 1
bitbucket.org/pbisse/eventserver/api/auth.go:20.9,22.3 1 0
bitbucket.org/pbisse/eventserver/application/specifications/search/last_week_spec.go:9.60,11.2 1 1
bitbucket.org/pbisse/eventserver/application/specifications/search/last_week_spec.go:13.47,15.2 1 0
bitbucket.org/pbisse/eventserver/application/specifications/search/spec_retriever.go:14.63,16.2 1 1
bitbucket.org/pbisse/eventserver/application/specifications/search/spec_retriever.go:18.82,19.41 1 1
bitbucket.org/pbisse/eventserver/application/specifications/search/spec_retriever.go:25.2,25.30 1 1
bitbucket.org/pbisse/eventserver/application/specifications/search/spec_retriever.go:19.41,20.33 1 1
bitbucket.org/pbisse/eventserver/application/specifications/search/spec_retriever.go:20.33,22.4 1 1
bitbucket.org/pbisse/eventserver/application/repositories/postgres_chart_strore.go:9.67,11.2 1 1
bitbucket.org/pbisse/eventserver/application/repositories/postgres_chart_strore.go:13.64,17.2 2 1
bitbucket.org/pbisse/eventserver/application/repositories/postgres_chart_strore.go:19.64,23.2 2 1
bitbucket.org/pbisse/eventserver/application/repositories/postgres_chart_strore.go:25.70,29.2 2 1
bitbucket.org/pbisse/eventserver/application/repositories/postgres_chart_strore.go:31.76,34.46 2 1
bitbucket.org/pbisse/eventserver/application/repositories/postgres_chart_strore.go:38.2,38.26 1 1
bitbucket.org/pbisse/eventserver/application/repositories/postgres_chart_strore.go:34.46,36.3 1 0
bitbucket.org/pbisse/eventserver/api/input/consumers_for_stream_request.go:12.84,18.2 2 1
bitbucket.org/pbisse/eventserver/application/specifications/search/last_month_spec.go:9.60,11.2 1 1
bitbucket.org/pbisse/eventserver/application/specifications/search/last_month_spec.go:13.47,15.2 1 0
bitbucket.org/pbisse/eventserver/application/repositories/postgres_search_store.go:12.69,14.2 1 1
bitbucket.org/pbisse/eventserver/application/repositories/postgres_search_store.go:16.82,22.48 3 1
bitbucket.org/pbisse/eventserver/application/repositories/postgres_search_store.go:26.2,26.26 1 1
bitbucket.org/pbisse/eventserver/application/repositories/postgres_search_store.go:22.48,24.3 1 0
bitbucket.org/pbisse/eventserver/api/content_type.go:11.68,12.54 1 1
bitbucket.org/pbisse/eventserver/api/content_type.go:12.54,15.17 2 1
bitbucket.org/pbisse/eventserver/api/content_type.go:22.3,23.9 2 1
bitbucket.org/pbisse/eventserver/api/content_type.go:15.17,20.4 4 1
bitbucket.org/pbisse/eventserver/api/content_type.go:27.42,31.38 3 1
bitbucket.org/pbisse/eventserver/api/content_type.go:35.2,36.33 2 1
bitbucket.org/pbisse/eventserver/api/content_type.go:40.2,40.12 1 1
bitbucket.org/pbisse/eventserver/api/content_type.go:31.38,33.3 1 1
bitbucket.org/pbisse/eventserver/api/content_type.go:36.33,38.3 1 0
bitbucket.org/pbisse/eventserver/application/types/consumer_offset.go:7.52,11.2 2 0
